Analysis & Synthesis report for top_dds
Fri Dec 22 22:36:33 2023
Quartus II 64-Bit Version 13.0.1 Build 232 06/12/2013 Service Pack 1 SJ Full Version


---------------------
; Table of Contents ;
---------------------
  1. Legal Notice
  2. Analysis & Synthesis Summary
  3. Analysis & Synthesis Settings
  4. Parallel Compilation
  5. Analysis & Synthesis Source Files Read
  6. Analysis & Synthesis Resource Usage Summary
  7. Analysis & Synthesis Resource Utilization by Entity
  8. Analysis & Synthesis RAM Summary
  9. Analysis & Synthesis IP Cores Summary
 10. General Register Statistics
 11. Multiplexer Restructuring Statistics (Restructuring Performed)
 12. Source assignments for dds:dds_inst|rom_wave:rom_wave_inst|altsyncram:altsyncram_component|altsyncram_afa1:auto_generated
 13. Parameter Settings for User Entity Instance: dds:dds_inst
 14. Parameter Settings for User Entity Instance: dds:dds_inst|rom_wave:rom_wave_inst|altsyncram:altsyncram_component
 15. Parameter Settings for User Entity Instance: key_control:key_control_inst
 16. Parameter Settings for User Entity Instance: key_control:key_control_inst|key_filter:key_filter_inst3
 17. Parameter Settings for User Entity Instance: key_control:key_control_inst|key_filter:key_filter_inst2
 18. Parameter Settings for User Entity Instance: key_control:key_control_inst|key_filter:key_filter_inst1
 19. Parameter Settings for User Entity Instance: key_control:key_control_inst|key_filter:key_filter_inst0
 20. altsyncram Parameter Settings by Entity Instance
 21. Elapsed Time Per Partition
 22. Analysis & Synthesis Messages



----------------
; Legal Notice ;
----------------
Copyright (C) 1991-2013 Altera Corporation
Your use of Altera Corporation's design tools, logic functions 
and other software and tools, and its AMPP partner logic 
functions, and any output files from any of the foregoing 
(including device programming or simulation files), and any 
associated documentation or information are expressly subject 
to the terms and conditions of the Altera Program License 
Subscription Agreement, Altera MegaCore Function License 
Agreement, or other applicable license agreement, including, 
without limitation, that your use is for the sole purpose of 
programming logic devices manufactured by Altera and sold by 
Altera or its authorized distributors.  Please refer to the 
applicable agreement for further details.



+---------------------------------------------------------------------------------------+
; Analysis & Synthesis Summary                                                          ;
+------------------------------------+--------------------------------------------------+
; Analysis & Synthesis Status        ; Successful - Fri Dec 22 22:36:33 2023            ;
; Quartus II 64-Bit Version          ; 13.0.1 Build 232 06/12/2013 SP 1 SJ Full Version ;
; Revision Name                      ; top_dds                                          ;
; Top-level Entity Name              ; top_dds                                          ;
; Family                             ; Cyclone IV E                                     ;
; Total logic elements               ; 186                                              ;
;     Total combinational functions  ; 161                                              ;
;     Dedicated logic registers      ; 148                                              ;
; Total registers                    ; 148                                              ;
; Total pins                         ; 15                                               ;
; Total virtual pins                 ; 0                                                ;
; Total memory bits                  ; 131,072                                          ;
; Embedded Multiplier 9-bit elements ; 0                                                ;
; Total PLLs                         ; 0                                                ;
+------------------------------------+--------------------------------------------------+


+----------------------------------------------------------------------------------------------------------------------+
; Analysis & Synthesis Settings                                                                                        ;
+----------------------------------------------------------------------------+--------------------+--------------------+
; Option                                                                     ; Setting            ; Default Value      ;
+----------------------------------------------------------------------------+--------------------+--------------------+
; Device                                                                     ; EP4CE10F17C8       ;                    ;
; Top-level entity name                                                      ; top_dds            ; top_dds            ;
; Family name                                                                ; Cyclone IV E       ; Cyclone IV GX      ;
; Use smart compilation                                                      ; Off                ; Off                ;
; Enable parallel Assembler and TimeQuest Timing Analyzer during compilation ; On                 ; On                 ;
; Enable compact report table                                                ; Off                ; Off                ;
; Restructure Multiplexers                                                   ; Auto               ; Auto               ;
; Create Debugging Nodes for IP Cores                                        ; Off                ; Off                ;
; Preserve fewer node names                                                  ; On                 ; On                 ;
; Disable OpenCore Plus hardware evaluation                                  ; Off                ; Off                ;
; Verilog Version                                                            ; Verilog_2001       ; Verilog_2001       ;
; VHDL Version                                                               ; VHDL_1993          ; VHDL_1993          ;
; State Machine Processing                                                   ; Auto               ; Auto               ;
; Safe State Machine                                                         ; Off                ; Off                ;
; Extract Verilog State Machines                                             ; On                 ; On                 ;
; Extract VHDL State Machines                                                ; On                 ; On                 ;
; Ignore Verilog initial constructs                                          ; Off                ; Off                ;
; Iteration limit for constant Verilog loops                                 ; 5000               ; 5000               ;
; Iteration limit for non-constant Verilog loops                             ; 250                ; 250                ;
; Add Pass-Through Logic to Inferred RAMs                                    ; On                 ; On                 ;
; Infer RAMs from Raw Logic                                                  ; On                 ; On                 ;
; Parallel Synthesis                                                         ; On                 ; On                 ;
; DSP Block Balancing                                                        ; Auto               ; Auto               ;
; NOT Gate Push-Back                                                         ; On                 ; On                 ;
; Power-Up Don't Care                                                        ; On                 ; On                 ;
; Remove Redundant Logic Cells                                               ; Off                ; Off                ;
; Remove Duplicate Registers                                                 ; On                 ; On                 ;
; Ignore CARRY Buffers                                                       ; Off                ; Off                ;
; Ignore CASCADE Buffers                                                     ; Off                ; Off                ;
; Ignore GLOBAL Buffers                                                      ; Off                ; Off                ;
; Ignore ROW GLOBAL Buffers                                                  ; Off                ; Off                ;
; Ignore LCELL Buffers                                                       ; Off                ; Off                ;
; Ignore SOFT Buffers                                                        ; On                 ; On                 ;
; Limit AHDL Integers to 32 Bits                                             ; Off                ; Off                ;
; Optimization Technique                                                     ; Balanced           ; Balanced           ;
; Carry Chain Length                                                         ; 70                 ; 70                 ;
; Auto Carry Chains                                                          ; On                 ; On                 ;
; Auto Open-Drain Pins                                                       ; On                 ; On                 ;
; Perform WYSIWYG Primitive Resynthesis                                      ; Off                ; Off                ;
; Auto ROM Replacement                                                       ; On                 ; On                 ;
; Auto RAM Replacement                                                       ; On                 ; On                 ;
; Auto DSP Block Replacement                                                 ; On                 ; On                 ;
; Auto Shift Register Replacement                                            ; Auto               ; Auto               ;
; Allow Shift Register Merging across Hierarchies                            ; Auto               ; Auto               ;
; Auto Clock Enable Replacement                                              ; On                 ; On                 ;
; Strict RAM Replacement                                                     ; Off                ; Off                ;
; Allow Synchronous Control Signals                                          ; On                 ; On                 ;
; Force Use of Synchronous Clear Signals                                     ; Off                ; Off                ;
; Auto RAM Block Balancing                                                   ; On                 ; On                 ;
; Auto RAM to Logic Cell Conversion                                          ; Off                ; Off                ;
; Auto Resource Sharing                                                      ; Off                ; Off                ;
; Allow Any RAM Size For Recognition                                         ; Off                ; Off                ;
; Allow Any ROM Size For Recognition                                         ; Off                ; Off                ;
; Allow Any Shift Register Size For Recognition                              ; Off                ; Off                ;
; Use LogicLock Constraints during Resource Balancing                        ; On                 ; On                 ;
; Ignore translate_off and synthesis_off directives                          ; Off                ; Off                ;
; Timing-Driven Synthesis                                                    ; On                 ; On                 ;
; Report Parameter Settings                                                  ; On                 ; On                 ;
; Report Source Assignments                                                  ; On                 ; On                 ;
; Report Connectivity Checks                                                 ; On                 ; On                 ;
; Ignore Maximum Fan-Out Assignments                                         ; Off                ; Off                ;
; Synchronization Register Chain Length                                      ; 2                  ; 2                  ;
; PowerPlay Power Optimization                                               ; Normal compilation ; Normal compilation ;
; HDL message level                                                          ; Level2             ; Level2             ;
; Suppress Register Optimization Related Messages                            ; Off                ; Off                ;
; Number of Removed Registers Reported in Synthesis Report                   ; 5000               ; 5000               ;
; Number of Swept Nodes Reported in Synthesis Report                         ; 5000               ; 5000               ;
; Number of Inverted Registers Reported in Synthesis Report                  ; 100                ; 100                ;
; Clock MUX Protection                                                       ; On                 ; On                 ;
; Auto Gated Clock Conversion                                                ; Off                ; Off                ;
; Block Design Naming                                                        ; Auto               ; Auto               ;
; SDC constraint protection                                                  ; Off                ; Off                ;
; Synthesis Effort                                                           ; Auto               ; Auto               ;
; Shift Register Replacement - Allow Asynchronous Clear Signal               ; On                 ; On                 ;
; Pre-Mapping Resynthesis Optimization                                       ; Off                ; Off                ;
; Analysis & Synthesis Message Level                                         ; Medium             ; Medium             ;
; Disable Register Merging Across Hierarchies                                ; Auto               ; Auto               ;
; Resource Aware Inference For Block RAM                                     ; On                 ; On                 ;
; Synthesis Seed                                                             ; 1                  ; 1                  ;
+----------------------------------------------------------------------------+--------------------+--------------------+


+------------------------------------------+
; Parallel Compilation                     ;
+----------------------------+-------------+
; Processors                 ; Number      ;
+----------------------------+-------------+
; Number detected on machine ; 8           ;
; Maximum allowed            ; 4           ;
;                            ;             ;
; Average used               ; 1.00        ;
; Maximum used               ; 1           ;
;                            ;             ;
; Usage by Processor         ; % Time Used ;
;     Processor 1            ; 100.0%      ;
;     Processors 2-8         ;   0.0%      ;
+----------------------------+-------------+


+-----------------------------------------------------------------------------------------------------------------------------------------------------------------------------+
; Analysis & Synthesis Source Files Read                                                                                                                                      ;
+----------------------------------+-----------------+------------------------------+-------------------------------------------------------------------------------+---------+
; File Name with User-Entered Path ; Used in Netlist ; File Type                    ; File Name with Absolute Path                                                  ; Library ;
+----------------------------------+-----------------+------------------------------+-------------------------------------------------------------------------------+---------+
; ../rtl/top_dds.v                 ; yes             ; User Verilog HDL File        ; E:/1FPGAlearn/QuartusII/Pro/25_dds/rtl/top_dds.v                              ;         ;
; ../rtl/key_filter.v              ; yes             ; User Verilog HDL File        ; E:/1FPGAlearn/QuartusII/Pro/25_dds/rtl/key_filter.v                           ;         ;
; ../rtl/key_control.v             ; yes             ; User Verilog HDL File        ; E:/1FPGAlearn/QuartusII/Pro/25_dds/rtl/key_control.v                          ;         ;
; ../rtl/dds.v                     ; yes             ; User Verilog HDL File        ; E:/1FPGAlearn/QuartusII/Pro/25_dds/rtl/dds.v                                  ;         ;
; ip_core/rom/rom_wave.v           ; yes             ; User Wizard-Generated File   ; E:/1FPGAlearn/QuartusII/Pro/25_dds/quartus_prj/ip_core/rom/rom_wave.v         ;         ;
; altsyncram.tdf                   ; yes             ; Megafunction                 ; e:/1fpgalearn/quartusii/quartus/libraries/megafunctions/altsyncram.tdf        ;         ;
; stratix_ram_block.inc            ; yes             ; Megafunction                 ; e:/1fpgalearn/quartusii/quartus/libraries/megafunctions/stratix_ram_block.inc ;         ;
; lpm_mux.inc                      ; yes             ; Megafunction                 ; e:/1fpgalearn/quartusii/quartus/libraries/megafunctions/lpm_mux.inc           ;         ;
; lpm_decode.inc                   ; yes             ; Megafunction                 ; e:/1fpgalearn/quartusii/quartus/libraries/megafunctions/lpm_decode.inc        ;         ;
; aglobal130.inc                   ; yes             ; Megafunction                 ; e:/1fpgalearn/quartusii/quartus/libraries/megafunctions/aglobal130.inc        ;         ;
; a_rdenreg.inc                    ; yes             ; Megafunction                 ; e:/1fpgalearn/quartusii/quartus/libraries/megafunctions/a_rdenreg.inc         ;         ;
; altrom.inc                       ; yes             ; Megafunction                 ; e:/1fpgalearn/quartusii/quartus/libraries/megafunctions/altrom.inc            ;         ;
; altram.inc                       ; yes             ; Megafunction                 ; e:/1fpgalearn/quartusii/quartus/libraries/megafunctions/altram.inc            ;         ;
; altdpram.inc                     ; yes             ; Megafunction                 ; e:/1fpgalearn/quartusii/quartus/libraries/megafunctions/altdpram.inc          ;         ;
; db/altsyncram_afa1.tdf           ; yes             ; Auto-Generated Megafunction  ; E:/1FPGAlearn/QuartusII/Pro/25_dds/quartus_prj/db/altsyncram_afa1.tdf         ;         ;
; db/decode_c8a.tdf                ; yes             ; Auto-Generated Megafunction  ; E:/1FPGAlearn/QuartusII/Pro/25_dds/quartus_prj/db/decode_c8a.tdf              ;         ;
; db/mux_3nb.tdf                   ; yes             ; Auto-Generated Megafunction  ; E:/1FPGAlearn/QuartusII/Pro/25_dds/quartus_prj/db/mux_3nb.tdf                 ;         ;
+----------------------------------+-----------------+------------------------------+-------------------------------------------------------------------------------+---------+


+-------------------------------------------------------------+
; Analysis & Synthesis Resource Usage Summary                 ;
+---------------------------------------------+---------------+
; Resource                                    ; Usage         ;
+---------------------------------------------+---------------+
; Estimated Total logic elements              ; 186           ;
;                                             ;               ;
; Total combinational functions               ; 161           ;
; Logic element usage by number of LUT inputs ;               ;
;     -- 4 input functions                    ; 28            ;
;     -- 3 input functions                    ; 15            ;
;     -- <=2 input functions                  ; 118           ;
;                                             ;               ;
; Logic elements by mode                      ;               ;
;     -- normal mode                          ; 55            ;
;     -- arithmetic mode                      ; 106           ;
;                                             ;               ;
; Total registers                             ; 148           ;
;     -- Dedicated logic registers            ; 148           ;
;     -- I/O registers                        ; 0             ;
;                                             ;               ;
; I/O pins                                    ; 15            ;
; Total memory bits                           ; 131072        ;
; Embedded Multiplier 9-bit elements          ; 0             ;
; Maximum fan-out node                        ; sys_clk~input ;
; Maximum fan-out                             ; 165           ;
; Total fan-out                               ; 1256          ;
; Average fan-out                             ; 3.54          ;
+---------------------------------------------+---------------+


+----------------------------------------------------------------------------------------------------------------------------------------------------------------------------------------------------------------------------------------------------------------------------------------------------+
; Analysis & Synthesis Resource Utilization by Entity                                                                                                                                                                                                                                                ;
+----------------------------------------------+-------------------+--------------+-------------+--------------+---------+-----------+------+--------------+--------------------------------------------------------------------------------------------------------------------------+--------------+
; Compilation Hierarchy Node                   ; LC Combinationals ; LC Registers ; Memory Bits ; DSP Elements ; DSP 9x9 ; DSP 18x18 ; Pins ; Virtual Pins ; Full Hierarchy Name                                                                                                      ; Library Name ;
+----------------------------------------------+-------------------+--------------+-------------+--------------+---------+-----------+------+--------------+--------------------------------------------------------------------------------------------------------------------------+--------------+
; |top_dds                                     ; 161 (0)           ; 148 (0)      ; 131072      ; 0            ; 0       ; 0         ; 15   ; 0            ; |top_dds                                                                                                                 ; work         ;
;    |dds:dds_inst|                            ; 44 (36)           ; 60 (58)      ; 131072      ; 0            ; 0       ; 0         ; 0    ; 0            ; |top_dds|dds:dds_inst                                                                                                    ; work         ;
;       |rom_wave:rom_wave_inst|               ; 8 (0)             ; 2 (0)        ; 131072      ; 0            ; 0       ; 0         ; 0    ; 0            ; |top_dds|dds:dds_inst|rom_wave:rom_wave_inst                                                                             ; work         ;
;          |altsyncram:altsyncram_component|   ; 8 (0)             ; 2 (0)        ; 131072      ; 0            ; 0       ; 0         ; 0    ; 0            ; |top_dds|dds:dds_inst|rom_wave:rom_wave_inst|altsyncram:altsyncram_component                                             ; work         ;
;             |altsyncram_afa1:auto_generated| ; 8 (0)             ; 2 (2)        ; 131072      ; 0            ; 0       ; 0         ; 0    ; 0            ; |top_dds|dds:dds_inst|rom_wave:rom_wave_inst|altsyncram:altsyncram_component|altsyncram_afa1:auto_generated              ; work         ;
;                |mux_3nb:mux2|                ; 8 (8)             ; 0 (0)        ; 0           ; 0            ; 0       ; 0         ; 0    ; 0            ; |top_dds|dds:dds_inst|rom_wave:rom_wave_inst|altsyncram:altsyncram_component|altsyncram_afa1:auto_generated|mux_3nb:mux2 ; work         ;
;    |key_control:key_control_inst|            ; 117 (4)           ; 88 (4)       ; 0           ; 0            ; 0       ; 0         ; 0    ; 0            ; |top_dds|key_control:key_control_inst                                                                                    ; work         ;
;       |key_filter:key_filter_inst0|          ; 28 (28)           ; 21 (21)      ; 0           ; 0            ; 0       ; 0         ; 0    ; 0            ; |top_dds|key_control:key_control_inst|key_filter:key_filter_inst0                                                        ; work         ;
;       |key_filter:key_filter_inst1|          ; 28 (28)           ; 21 (21)      ; 0           ; 0            ; 0       ; 0         ; 0    ; 0            ; |top_dds|key_control:key_control_inst|key_filter:key_filter_inst1                                                        ; work         ;
;       |key_filter:key_filter_inst2|          ; 28 (28)           ; 21 (21)      ; 0           ; 0            ; 0       ; 0         ; 0    ; 0            ; |top_dds|key_control:key_control_inst|key_filter:key_filter_inst2                                                        ; work         ;
;       |key_filter:key_filter_inst3|          ; 29 (29)           ; 21 (21)      ; 0           ; 0            ; 0       ; 0         ; 0    ; 0            ; |top_dds|key_control:key_control_inst|key_filter:key_filter_inst3                                                        ; work         ;
+----------------------------------------------+-------------------+--------------+-------------+--------------+---------+-----------+------+--------------+--------------------------------------------------------------------------------------------------------------------------+--------------+
Note: For table entries with two numbers listed, the numbers in parentheses indicate the number of resources of the given type used by the specific entity alone. The numbers listed outside of parentheses indicate the total resources of the given type used by the specific entity and all of its sub-entities in the hierarchy.


+----------------------------------------------------------------------------------------------------------------------------------------------------------------------------------------------------------------------------------+
; Analysis & Synthesis RAM Summary                                                                                                                                                                                                 ;
+---------------------------------------------------------------------------------------------------------------+------+------+--------------+--------------+--------------+--------------+--------+-------------------------------+
; Name                                                                                                          ; Type ; Mode ; Port A Depth ; Port A Width ; Port B Depth ; Port B Width ; Size   ; MIF                           ;
+---------------------------------------------------------------------------------------------------------------+------+------+--------------+--------------+--------------+--------------+--------+-------------------------------+
; dds:dds_inst|rom_wave:rom_wave_inst|altsyncram:altsyncram_component|altsyncram_afa1:auto_generated|ALTSYNCRAM ; AUTO ; ROM  ; 16384        ; 8            ; --           ; --           ; 131072 ; ../../../mif/wave_16384x8.mif ;
+---------------------------------------------------------------------------------------------------------------+------+------+--------------+--------------+--------------+--------------+--------+-------------------------------+


+--------------------------------------------------------------------------------------------------------------------------------------------------------------------------------------+
; Analysis & Synthesis IP Cores Summary                                                                                                                                                ;
+--------+--------------+---------+--------------+--------------+----------------------------------------------+-----------------------------------------------------------------------+
; Vendor ; IP Core Name ; Version ; Release Date ; License Type ; Entity Instance                              ; IP Include File                                                       ;
+--------+--------------+---------+--------------+--------------+----------------------------------------------+-----------------------------------------------------------------------+
; Altera ; ROM: 1-PORT  ; 13.0    ; N/A          ; N/A          ; |top_dds|dds:dds_inst|rom_wave:rom_wave_inst ; E:/1FPGAlearn/QuartusII/Pro/25_dds/quartus_prj/ip_core/rom/rom_wave.v ;
+--------+--------------+---------+--------------+--------------+----------------------------------------------+-----------------------------------------------------------------------+


+------------------------------------------------------+
; General Register Statistics                          ;
+----------------------------------------------+-------+
; Statistic                                    ; Value ;
+----------------------------------------------+-------+
; Total registers                              ; 148   ;
; Number of registers using Synchronous Clear  ; 80    ;
; Number of registers using Synchronous Load   ; 0     ;
; Number of registers using Asynchronous Clear ; 146   ;
; Number of registers using Asynchronous Load  ; 0     ;
; Number of registers using Clock Enable       ; 84    ;
; Number of registers using Preset             ; 0     ;
+----------------------------------------------+-------+


+----------------------------------------------------------------------------------------------------------------------------------------------------------------------------------------------+
; Multiplexer Restructuring Statistics (Restructuring Performed)                                                                                                                               ;
+--------------------+-----------+---------------+----------------------+------------------------+------------+--------------------------------------------------------------------------------+
; Multiplexer Inputs ; Bus Width ; Baseline Area ; Area if Restructured ; Saving if Restructured ; Registered ; Example Multiplexer Output                                                     ;
+--------------------+-----------+---------------+----------------------+------------------------+------------+--------------------------------------------------------------------------------+
; 3:1                ; 20 bits   ; 40 LEs        ; 20 LEs               ; 20 LEs                 ; Yes        ; |top_dds|key_control:key_control_inst|key_filter:key_filter_inst3|cnt_20ms[9]  ;
; 3:1                ; 20 bits   ; 40 LEs        ; 20 LEs               ; 20 LEs                 ; Yes        ; |top_dds|key_control:key_control_inst|key_filter:key_filter_inst2|cnt_20ms[11] ;
; 3:1                ; 20 bits   ; 40 LEs        ; 20 LEs               ; 20 LEs                 ; Yes        ; |top_dds|key_control:key_control_inst|key_filter:key_filter_inst1|cnt_20ms[14] ;
; 3:1                ; 20 bits   ; 40 LEs        ; 20 LEs               ; 20 LEs                 ; Yes        ; |top_dds|key_control:key_control_inst|key_filter:key_filter_inst0|cnt_20ms[11] ;
; 5:1                ; 4 bits    ; 12 LEs        ; 8 LEs                ; 4 LEs                  ; Yes        ; |top_dds|key_control:key_control_inst|wave_select[0]                           ;
+--------------------+-----------+---------------+----------------------+------------------------+------------+--------------------------------------------------------------------------------+


+---------------------------------------------------------------------------------------------------------------------------+
; Source assignments for dds:dds_inst|rom_wave:rom_wave_inst|altsyncram:altsyncram_component|altsyncram_afa1:auto_generated ;
+---------------------------------+--------------------+------+-------------------------------------------------------------+
; Assignment                      ; Value              ; From ; To                                                          ;
+---------------------------------+--------------------+------+-------------------------------------------------------------+
; OPTIMIZE_POWER_DURING_SYNTHESIS ; NORMAL_COMPILATION ; -    ; -                                                           ;
+---------------------------------+--------------------+------+-------------------------------------------------------------+


+---------------------------------------------------------------------+
; Parameter Settings for User Entity Instance: dds:dds_inst           ;
+----------------+----------------------------------+-----------------+
; Parameter Name ; Value                            ; Type            ;
+----------------+----------------------------------+-----------------+
; sin_wave       ; 0001                             ; Unsigned Binary ;
; squ_wave       ; 0010                             ; Unsigned Binary ;
; tri_wave       ; 0100                             ; Unsigned Binary ;
; saw_wave       ; 1000                             ; Unsigned Binary ;
; FREQ_CTRL      ; 00000000000000001010011111000101 ; Unsigned Binary ;
; PHASE_CTRL     ; 010000000000                     ; Unsigned Binary ;
+----------------+----------------------------------+-----------------+
Note: In order to hide this table in the UI and the text report file, please set the "Show Parameter Settings in Synthesis Report" option in "Analysis and Synthesis Settings -> More Settings" to "Off".


+------------------------------------------------------------------------------------------------------------------+
; Parameter Settings for User Entity Instance: dds:dds_inst|rom_wave:rom_wave_inst|altsyncram:altsyncram_component ;
+------------------------------------+-------------------------------+---------------------------------------------+
; Parameter Name                     ; Value                         ; Type                                        ;
+------------------------------------+-------------------------------+---------------------------------------------+
; BYTE_SIZE_BLOCK                    ; 8                             ; Untyped                                     ;
; AUTO_CARRY_CHAINS                  ; ON                            ; AUTO_CARRY                                  ;
; IGNORE_CARRY_BUFFERS               ; OFF                           ; IGNORE_CARRY                                ;
; AUTO_CASCADE_CHAINS                ; ON                            ; AUTO_CASCADE                                ;
; IGNORE_CASCADE_BUFFERS             ; OFF                           ; IGNORE_CASCADE                              ;
; WIDTH_BYTEENA                      ; 1                             ; Untyped                                     ;
; OPERATION_MODE                     ; ROM                           ; Untyped                                     ;
; WIDTH_A                            ; 8                             ; Signed Integer                              ;
; WIDTHAD_A                          ; 14                            ; Signed Integer                              ;
; NUMWORDS_A                         ; 16384                         ; Signed Integer                              ;
; OUTDATA_REG_A                      ; CLOCK0                        ; Untyped                                     ;
; ADDRESS_ACLR_A                     ; NONE                          ; Untyped                                     ;
; OUTDATA_ACLR_A                     ; NONE                          ; Untyped                                     ;
; WRCONTROL_ACLR_A                   ; NONE                          ; Untyped                                     ;
; INDATA_ACLR_A                      ; NONE                          ; Untyped                                     ;
; BYTEENA_ACLR_A                     ; NONE                          ; Untyped                                     ;
; WIDTH_B                            ; 1                             ; Untyped                                     ;
; WIDTHAD_B                          ; 1                             ; Untyped                                     ;
; NUMWORDS_B                         ; 1                             ; Untyped                                     ;
; INDATA_REG_B                       ; CLOCK1                        ; Untyped                                     ;
; WRCONTROL_WRADDRESS_REG_B          ; CLOCK1                        ; Untyped                                     ;
; RDCONTROL_REG_B                    ; CLOCK1                        ; Untyped                                     ;
; ADDRESS_REG_B                      ; CLOCK1                        ; Untyped                                     ;
; OUTDATA_REG_B                      ; UNREGISTERED                  ; Untyped                                     ;
; BYTEENA_REG_B                      ; CLOCK1                        ; Untyped                                     ;
; INDATA_ACLR_B                      ; NONE                          ; Untyped                                     ;
; WRCONTROL_ACLR_B                   ; NONE                          ; Untyped                                     ;
; ADDRESS_ACLR_B                     ; NONE                          ; Untyped                                     ;
; OUTDATA_ACLR_B                     ; NONE                          ; Untyped                                     ;
; RDCONTROL_ACLR_B                   ; NONE                          ; Untyped                                     ;
; BYTEENA_ACLR_B                     ; NONE                          ; Untyped                                     ;
; WIDTH_BYTEENA_A                    ; 1                             ; Signed Integer                              ;
; WIDTH_BYTEENA_B                    ; 1                             ; Untyped                                     ;
; RAM_BLOCK_TYPE                     ; AUTO                          ; Untyped                                     ;
; BYTE_SIZE                          ; 8                             ; Untyped                                     ;
; READ_DURING_WRITE_MODE_MIXED_PORTS ; DONT_CARE                     ; Untyped                                     ;
; READ_DURING_WRITE_MODE_PORT_A      ; NEW_DATA_NO_NBE_READ          ; Untyped                                     ;
; READ_DURING_WRITE_MODE_PORT_B      ; NEW_DATA_NO_NBE_READ          ; Untyped                                     ;
; INIT_FILE                          ; ../../../mif/wave_16384x8.mif ; Untyped                                     ;
; INIT_FILE_LAYOUT                   ; PORT_A                        ; Untyped                                     ;
; MAXIMUM_DEPTH                      ; 0                             ; Untyped                                     ;
; CLOCK_ENABLE_INPUT_A               ; BYPASS                        ; Untyped                                     ;
; CLOCK_ENABLE_INPUT_B               ; NORMAL                        ; Untyped                                     ;
; CLOCK_ENABLE_OUTPUT_A              ; BYPASS                        ; Untyped                                     ;
; CLOCK_ENABLE_OUTPUT_B              ; NORMAL                        ; Untyped                                     ;
; CLOCK_ENABLE_CORE_A                ; USE_INPUT_CLKEN               ; Untyped                                     ;
; CLOCK_ENABLE_CORE_B                ; USE_INPUT_CLKEN               ; Untyped                                     ;
; ENABLE_ECC                         ; FALSE                         ; Untyped                                     ;
; ECC_PIPELINE_STAGE_ENABLED         ; FALSE                         ; Untyped                                     ;
; WIDTH_ECCSTATUS                    ; 3                             ; Untyped                                     ;
; DEVICE_FAMILY                      ; Cyclone IV E                  ; Untyped                                     ;
; CBXI_PARAMETER                     ; altsyncram_afa1               ; Untyped                                     ;
+------------------------------------+-------------------------------+---------------------------------------------+
Note: In order to hide this table in the UI and the text report file, please set the "Show Parameter Settings in Synthesis Report" option in "Analysis and Synthesis Settings -> More Settings" to "Off".


+---------------------------------------------------------------------------+
; Parameter Settings for User Entity Instance: key_control:key_control_inst ;
+----------------+----------------------+-----------------------------------+
; Parameter Name ; Value                ; Type                              ;
+----------------+----------------------+-----------------------------------+
; sin_wave       ; 0001                 ; Unsigned Binary                   ;
; squ_wave       ; 0010                 ; Unsigned Binary                   ;
; tri_wave       ; 0100                 ; Unsigned Binary                   ;
; saw_wave       ; 1000                 ; Unsigned Binary                   ;
; CNT_MAX        ; 11110100001000111111 ; Unsigned Binary                   ;
+----------------+----------------------+-----------------------------------+
Note: In order to hide this table in the UI and the text report file, please set the "Show Parameter Settings in Synthesis Report" option in "Analysis and Synthesis Settings -> More Settings" to "Off".


+-------------------------------------------------------------------------------------------------------+
; Parameter Settings for User Entity Instance: key_control:key_control_inst|key_filter:key_filter_inst3 ;
+----------------+----------------------+---------------------------------------------------------------+
; Parameter Name ; Value                ; Type                                                          ;
+----------------+----------------------+---------------------------------------------------------------+
; CNT_MAX        ; 11110100001000111111 ; Unsigned Binary                                               ;
+----------------+----------------------+---------------------------------------------------------------+
Note: In order to hide this table in the UI and the text report file, please set the "Show Parameter Settings in Synthesis Report" option in "Analysis and Synthesis Settings -> More Settings" to "Off".


+-------------------------------------------------------------------------------------------------------+
; Parameter Settings for User Entity Instance: key_control:key_control_inst|key_filter:key_filter_inst2 ;
+----------------+----------------------+---------------------------------------------------------------+
; Parameter Name ; Value                ; Type                                                          ;
+----------------+----------------------+---------------------------------------------------------------+
; CNT_MAX        ; 11110100001000111111 ; Unsigned Binary                                               ;
+----------------+----------------------+---------------------------------------------------------------+
Note: In order to hide this table in the UI and the text report file, please set the "Show Parameter Settings in Synthesis Report" option in "Analysis and Synthesis Settings -> More Settings" to "Off".


+-------------------------------------------------------------------------------------------------------+
; Parameter Settings for User Entity Instance: key_control:key_control_inst|key_filter:key_filter_inst1 ;
+----------------+----------------------+---------------------------------------------------------------+
; Parameter Name ; Value                ; Type                                                          ;
+----------------+----------------------+---------------------------------------------------------------+
; CNT_MAX        ; 11110100001000111111 ; Unsigned Binary                                               ;
+----------------+----------------------+---------------------------------------------------------------+
Note: In order to hide this table in the UI and the text report file, please set the "Show Parameter Settings in Synthesis Report" option in "Analysis and Synthesis Settings -> More Settings" to "Off".


+-------------------------------------------------------------------------------------------------------+
; Parameter Settings for User Entity Instance: key_control:key_control_inst|key_filter:key_filter_inst0 ;
+----------------+----------------------+---------------------------------------------------------------+
; Parameter Name ; Value                ; Type                                                          ;
+----------------+----------------------+---------------------------------------------------------------+
; CNT_MAX        ; 11110100001000111111 ; Unsigned Binary                                               ;
+----------------+----------------------+---------------------------------------------------------------+
Note: In order to hide this table in the UI and the text report file, please set the "Show Parameter Settings in Synthesis Report" option in "Analysis and Synthesis Settings -> More Settings" to "Off".


+-----------------------------------------------------------------------------------------------------------------+
; altsyncram Parameter Settings by Entity Instance                                                                ;
+-------------------------------------------+---------------------------------------------------------------------+
; Name                                      ; Value                                                               ;
+-------------------------------------------+---------------------------------------------------------------------+
; Number of entity instances                ; 1                                                                   ;
; Entity Instance                           ; dds:dds_inst|rom_wave:rom_wave_inst|altsyncram:altsyncram_component ;
;     -- OPERATION_MODE                     ; ROM                                                                 ;
;     -- WIDTH_A                            ; 8                                                                   ;
;     -- NUMWORDS_A                         ; 16384                                                               ;
;     -- OUTDATA_REG_A                      ; CLOCK0                                                              ;
;     -- WIDTH_B                            ; 1                                                                   ;
;     -- NUMWORDS_B                         ; 1                                                                   ;
;     -- ADDRESS_REG_B                      ; CLOCK1                                                              ;
;     -- OUTDATA_REG_B                      ; UNREGISTERED                                                        ;
;     -- RAM_BLOCK_TYPE                     ; AUTO                                                                ;
;     -- READ_DURING_WRITE_MODE_MIXED_PORTS ; DONT_CARE                                                           ;
+-------------------------------------------+---------------------------------------------------------------------+


+-------------------------------+
; Elapsed Time Per Partition    ;
+----------------+--------------+
; Partition Name ; Elapsed Time ;
+----------------+--------------+
; Top            ; 00:00:00     ;
+----------------+--------------+


+-------------------------------+
; Analysis & Synthesis Messages ;
+-------------------------------+
Info: *******************************************************************
Info: Running Quartus II 64-Bit Analysis & Synthesis
    Info: Version 13.0.1 Build 232 06/12/2013 Service Pack 1 SJ Full Version
    Info: Processing started: Fri Dec 22 22:36:32 2023
Info: Command: quartus_map --read_settings_files=on --write_settings_files=off top_dds -c top_dds
Info (11104): Parallel Compilation has detected 8 hyper-threaded processors. However, the extra hyper-threaded processors will not be used by default. Parallel Compilation will use 4 of the 4 physical processors detected instead.
Info (12021): Found 1 design units, including 1 entities, in source file /1fpgalearn/quartusii/pro/25_dds/sim/tb_top_dds.v
    Info (12023): Found entity 1: tb_top_dds
Info (12021): Found 1 design units, including 1 entities, in source file /1fpgalearn/quartusii/pro/25_dds/sim/tb_key_control.v
    Info (12023): Found entity 1: tb_key_control
Info (12021): Found 1 design units, including 1 entities, in source file /1fpgalearn/quartusii/pro/25_dds/sim/tb_dds.v
    Info (12023): Found entity 1: tb_dds
Info (12021): Found 1 design units, including 1 entities, in source file /1fpgalearn/quartusii/pro/25_dds/rtl/top_dds.v
    Info (12023): Found entity 1: top_dds
Info (12021): Found 1 design units, including 1 entities, in source file /1fpgalearn/quartusii/pro/25_dds/rtl/key_filter.v
    Info (12023): Found entity 1: key_filter
Info (12021): Found 1 design units, including 1 entities, in source file /1fpgalearn/quartusii/pro/25_dds/rtl/key_control.v
    Info (12023): Found entity 1: key_control
Info (12021): Found 1 design units, including 1 entities, in source file /1fpgalearn/quartusii/pro/25_dds/rtl/dds.v
    Info (12023): Found entity 1: dds
Info (12021): Found 1 design units, including 1 entities, in source file ip_core/rom/rom_wave.v
    Info (12023): Found entity 1: rom_wave
Info (12127): Elaborating entity "top_dds" for the top level hierarchy
Info (12128): Elaborating entity "dds" for hierarchy "dds:dds_inst"
Info (10264): Verilog HDL Case Statement information at dds.v(63): all case item expressions in this case statement are onehot
Info (12128): Elaborating entity "rom_wave" for hierarchy "dds:dds_inst|rom_wave:rom_wave_inst"
Info (12128): Elaborating entity "altsyncram" for hierarchy "dds:dds_inst|rom_wave:rom_wave_inst|altsyncram:altsyncram_component"
Info (12130): Elaborated megafunction instantiation "dds:dds_inst|rom_wave:rom_wave_inst|altsyncram:altsyncram_component"
Info (12133): Instantiated megafunction "dds:dds_inst|rom_wave:rom_wave_inst|altsyncram:altsyncram_component" with the following parameter:
    Info (12134): Parameter "address_aclr_a" = "NONE"
    Info (12134): Parameter "clock_enable_input_a" = "BYPASS"
    Info (12134): Parameter "clock_enable_output_a" = "BYPASS"
    Info (12134): Parameter "init_file" = "../../../mif/wave_16384x8.mif"
    Info (12134): Parameter "intended_device_family" = "Cyclone IV E"
    Info (12134): Parameter "lpm_hint" = "ENABLE_RUNTIME_MOD=NO"
    Info (12134): Parameter "lpm_type" = "altsyncram"
    Info (12134): Parameter "numwords_a" = "16384"
    Info (12134): Parameter "operation_mode" = "ROM"
    Info (12134): Parameter "outdata_aclr_a" = "NONE"
    Info (12134): Parameter "outdata_reg_a" = "CLOCK0"
    Info (12134): Parameter "widthad_a" = "14"
    Info (12134): Parameter "width_a" = "8"
    Info (12134): Parameter "width_byteena_a" = "1"
Info (12021): Found 1 design units, including 1 entities, in source file db/altsyncram_afa1.tdf
    Info (12023): Found entity 1: altsyncram_afa1
Info (12128): Elaborating entity "altsyncram_afa1" for hierarchy "dds:dds_inst|rom_wave:rom_wave_inst|altsyncram:altsyncram_component|altsyncram_afa1:auto_generated"
Info (12021): Found 1 design units, including 1 entities, in source file db/decode_c8a.tdf
    Info (12023): Found entity 1: decode_c8a
Info (12128): Elaborating entity "decode_c8a" for hierarchy "dds:dds_inst|rom_wave:rom_wave_inst|altsyncram:altsyncram_component|altsyncram_afa1:auto_generated|decode_c8a:rden_decode"
Info (12021): Found 1 design units, including 1 entities, in source file db/mux_3nb.tdf
    Info (12023): Found entity 1: mux_3nb
Info (12128): Elaborating entity "mux_3nb" for hierarchy "dds:dds_inst|rom_wave:rom_wave_inst|altsyncram:altsyncram_component|altsyncram_afa1:auto_generated|mux_3nb:mux2"
Info (12128): Elaborating entity "key_control" for hierarchy "key_control:key_control_inst"
Info (12128): Elaborating entity "key_filter" for hierarchy "key_control:key_control_inst|key_filter:key_filter_inst3"
Info (286030): Timing-Driven Synthesis is running
Info (16010): Generating hard_block partition "hard_block:auto_generated_inst"
    Info (16011): Adding 0 node(s), including 0 DDIO, 0 PLL, 0 transceiver and 0 LCELL
Info (21057): Implemented 217 device resources after synthesis - the final resource count might be different
    Info (21058): Implemented 6 input pins
    Info (21059): Implemented 9 output pins
    Info (21061): Implemented 186 logic cells
    Info (21064): Implemented 16 RAM segments
Info: Quartus II 64-Bit Analysis & Synthesis was successful. 0 errors, 0 warnings
    Info: Peak virtual memory: 4613 megabytes
    Info: Processing ended: Fri Dec 22 22:36:33 2023
    Info: Elapsed time: 00:00:01
    Info: Total CPU time (on all processors): 00:00:01


